# JRE version: Java(TM) SE Runtime Environment (8.0_45-b14) (build 1.8.0_45-b14)
# Java VM: Java HotSpot(TM) 64-Bit Server VM (25.45-b02 mixed mode windows-amd64 compressed oops)
Heap:
 PSYoungGen      total 205824K, used 188676K [0x00000000eab00000, 0x00000000fd800000, 0x0000000100000000)
  eden space 183808K, 90% used [0x00000000eab00000,0x00000000f4e3dbd8,0x00000000f5e80000)
  from space 22016K, 97% used [0x00000000fc280000,0x00000000fd783490,0x00000000fd800000)
  to   space 27648K, 0% used [0x00000000fa200000,0x00000000fa200000,0x00000000fbd00000)
 ParOldGen       total 104448K, used 39939K [0x00000000c0000000, 0x00000000c6600000, 0x00000000eab00000)
  object space 104448K, 38% used [0x00000000c0000000,0x00000000c2700e40,0x00000000c6600000)
 Metaspace       used 29223K, capacity 30278K, committed 30592K, reserved 1075200K
  class space    used 3672K, capacity 4140K, committed 4224K, reserved 1048576K
GC Heap History (10 events):
Event: 2.139 GC heap before
{Heap before GC invocations=5 (full 0):
 PSYoungGen      total 71680K, used 71659K [0x00000000eab00000, 0x00000000ef600000, 0x0000000100000000)
  eden space 66560K, 100% used [0x00000000eab00000,0x00000000eec00000,0x00000000eec00000)
  from space 5120K, 99% used [0x00000000ef100000,0x00000000ef5fac00,0x00000000ef600000)
  to   space 5120K, 0% used [0x00000000eec00000,0x00000000eec00000,0x00000000ef100000)
 ParOldGen       total 87552K, used 17963K [0x00000000c0000000, 0x00000000c5580000, 0x00000000eab00000)
  object space 87552K, 20% used [0x00000000c0000000,0x00000000c118af80,0x00000000c5580000)
 Metaspace       used 15946K, capacity 16188K, committed 16256K, reserved 1062912K
  class space    used 1803K, capacity 1868K, committed 1920K, reserved 1048576K
Event: 2.150 GC heap after
Heap after GC invocations=5 (full 0):
 PSYoungGen      total 71680K, used 5092K [0x00000000eab00000, 0x00000000f4d00000, 0x0000000100000000)
  eden space 66560K, 0% used [0x00000000eab00000,0x00000000eab00000,0x00000000eec00000)
  from space 5120K, 99% used [0x00000000eec00000,0x00000000ef0f91b0,0x00000000ef100000)
  to   space 16384K, 0% used [0x00000000f3d00000,0x00000000f3d00000,0x00000000f4d00000)
 ParOldGen       total 87552K, used 28460K [0x00000000c0000000, 0x00000000c5580000, 0x00000000eab00000)
  object space 87552K, 32% used [0x00000000c0000000,0x00000000c1bcb2d0,0x00000000c5580000)
 Metaspace       used 15946K, capacity 16188K, committed 16256K, reserved 1062912K
  class space    used 1803K, capacity 1868K, committed 1920K, reserved 1048576K
}
Event: 2.453 GC heap before
{Heap before GC invocations=6 (full 0):
 PSYoungGen      total 71680K, used 71650K [0x00000000eab00000, 0x00000000f4d00000, 0x0000000100000000)
  eden space 66560K, 99% used [0x00000000eab00000,0x00000000eebff6a0,0x00000000eec00000)
  from space 5120K, 99% used [0x00000000eec00000,0x00000000ef0f91b0,0x00000000ef100000)
  to   space 16384K, 0% used [0x00000000f3d00000,0x00000000f3d00000,0x00000000f4d00000)
 ParOldGen       total 87552K, used 28460K [0x00000000c0000000, 0x00000000c5580000, 0x00000000eab00000)
  object space 87552K, 32% used [0x00000000c0000000,0x00000000c1bcb2d0,0x00000000c5580000)
 Metaspace       used 16087K, capacity 16388K, committed 16512K, reserved 1064960K
  class space    used 1811K, capacity 1880K, committed 1920K, reserved 1048576K
Event: 2.469 GC heap after
Heap after GC invocations=6 (full 0):
 PSYoungGen      total 146432K, used 16364K [0x00000000eab00000, 0x00000000f5300000, 0x0000000100000000)
  eden space 130048K, 0% used [0x00000000eab00000,0x00000000eab00000,0x00000000f2a00000)
  from space 16384K, 99% used [0x00000000f3d00000,0x00000000f4cfb2d0,0x00000000f4d00000)
  to   space 19456K, 0% used [0x00000000f2a00000,0x00000000f2a00000,0x00000000f3d00000)
 ParOldGen       total 87552K, used 29511K [0x00000000c0000000, 0x00000000c5580000, 0x00000000eab00000)
  object space 87552K, 33% used [0x00000000c0000000,0x00000000c1cd1e50,0x00000000c5580000)
 Metaspace       used 16087K, capacity 16388K, committed 16512K, reserved 1064960K
  class space    used 1811K, capacity 1880K, committed 1920K, reserved 1048576K
}
Event: 3.357 GC heap before
{Heap before GC invocations=7 (full 0):
 PSYoungGen      total 146432K, used 107339K [0x00000000eab00000, 0x00000000f5300000, 0x0000000100000000)
  eden space 130048K, 69% used [0x00000000eab00000,0x00000000f03d7d00,0x00000000f2a00000)
  from space 16384K, 99% used [0x00000000f3d00000,0x00000000f4cfb2d0,0x00000000f4d00000)
  to   space 19456K, 0% used [0x00000000f2a00000,0x00000000f2a00000,0x00000000f3d00000)
 ParOldGen       total 87552K, used 29511K [0x00000000c0000000, 0x00000000c5580000, 0x00000000eab00000)
  object space 87552K, 33% used [0x00000000c0000000,0x00000000c1cd1e50,0x00000000c5580000)
 Metaspace       used 20618K, capacity 21220K, committed 21296K, reserved 1069056K
  class space    used 2417K, capacity 2686K, committed 2688K, reserved 1048576K
Event: 3.387 GC heap after
Heap after GC invocations=7 (full 0):
 PSYoungGen      total 149504K, used 19433K [0x00000000eab00000, 0x00000000fdc00000, 0x0000000100000000)
  eden space 130048K, 0% used [0x00000000eab00000,0x00000000eab00000,0x00000000f2a00000)
  from space 19456K, 99% used [0x00000000f2a00000,0x00000000f3cfa6d0,0x00000000f3d00000)
  to   space 26112K, 0% used [0x00000000fc280000,0x00000000fc280000,0x00000000fdc00000)
 ParOldGen       total 87552K, used 37386K [0x00000000c0000000, 0x00000000c5580000, 0x00000000eab00000)
  object space 87552K, 42% used [0x00000000c0000000,0x00000000c2482848,0x00000000c5580000)
 Metaspace       used 20618K, capacity 21220K, committed 21296K, reserved 1069056K
  class space    used 2417K, capacity 2686K, committed 2688K, reserved 1048576K
}
Event: 3.387 GC heap before
{Heap before GC invocations=8 (full 1):
 PSYoungGen      total 149504K, used 19433K [0x00000000eab00000, 0x00000000fdc00000, 0x0000000100000000)
  eden space 130048K, 0% used [0x00000000eab00000,0x00000000eab00000,0x00000000f2a00000)
  from space 19456K, 99% used [0x00000000f2a00000,0x00000000f3cfa6d0,0x00000000f3d00000)
  to   space 26112K, 0% used [0x00000000fc280000,0x00000000fc280000,0x00000000fdc00000)
 ParOldGen       total 87552K, used 37386K [0x00000000c0000000, 0x00000000c5580000, 0x00000000eab00000)
  object space 87552K, 42% used [0x00000000c0000000,0x00000000c2482848,0x00000000c5580000)
 Metaspace       used 20618K, capacity 21220K, committed 21296K, reserved 1069056K
  class space    used 2417K, capacity 2686K, committed 2688K, reserved 1048576K
Event: 3.521 GC heap after
Heap after GC invocations=8 (full 1):
 PSYoungGen      total 149504K, used 0K [0x00000000eab00000, 0x00000000fdc00000, 0x0000000100000000)
  eden space 130048K, 0% used [0x00000000eab00000,0x00000000eab00000,0x00000000f2a00000)
  from space 19456K, 0% used [0x00000000f2a00000,0x00000000f2a00000,0x00000000f3d00000)
  to   space 26112K, 0% used [0x00000000fc280000,0x00000000fc280000,0x00000000fdc00000)
 ParOldGen       total 104448K, used 39931K [0x00000000c0000000, 0x00000000c6600000, 0x00000000eab00000)
  object space 104448K, 38% used [0x00000000c0000000,0x00000000c26fee40,0x00000000c6600000)
 Metaspace       used 20618K, capacity 21220K, committed 21296K, reserved 1069056K
  class space    used 2417K, capacity 2686K, committed 2688K, reserved 1048576K
}
Event: 4.799 GC heap before
{Heap before GC invocations=9 (full 1):
 PSYoungGen      total 149504K, used 130048K [0x00000000eab00000, 0x00000000fdc00000, 0x0000000100000000)
  eden space 130048K, 100% used [0x00000000eab00000,0x00000000f2a00000,0x00000000f2a00000)
  from space 19456K, 0% used [0x00000000f2a00000,0x00000000f2a00000,0x00000000f3d00000)
  to   space 26112K, 0% used [0x00000000fc280000,0x00000000fc280000,0x00000000fdc00000)
 ParOldGen       total 104448K, used 39931K [0x00000000c0000000, 0x00000000c6600000, 0x00000000eab00000)
  object space 104448K, 38% used [0x00000000c0000000,0x00000000c26fee40,0x00000000c6600000)
 Metaspace       used 26674K, capacity 27670K, committed 27776K, reserved 1073152K
  class space    used 3256K, capacity 3703K, committed 3712K, reserved 1048576K
Event: 4.820 GC heap after
Heap after GC invocations=9 (full 1):
 PSYoungGen      total 205824K, used 21517K [0x00000000eab00000, 0x00000000fd800000, 0x0000000100000000)
  eden space 183808K, 0% used [0x00000000eab00000,0x00000000eab00000,0x00000000f5e80000)
  from space 22016K, 97% used [0x00000000fc280000,0x00000000fd783490,0x00000000fd800000)
  to   space 27648K, 0% used [0x00000000fa200000,0x00000000fa200000,0x00000000fbd00000)
 ParOldGen       total 104448K, used 39939K [0x00000000c0000000, 0x00000000c6600000, 0x00000000eab00000)
  object space 104448K, 38% used [0x00000000c0000000,0x00000000c2700e40,0x00000000c6600000)
 Metaspace       used 26674K, capacity 27670K, committed 27776K, reserved 1073152K
  class space    used 3256K, capacity 3703K, committed 3712K, reserved 1048576K
}

