# JRE version: Java(TM) SE Runtime Environment (8.0_45-b14) (build 1.8.0_45-b14)
# Java VM: Java HotSpot(TM) 64-Bit Server VM (25.45-b02 mixed mode windows-amd64 compressed oops)
Heap:
 PSYoungGen      total 148480K, used 46139K [0x00000000eab00000, 0x00000000fdb00000, 0x0000000100000000)
  eden space 130048K, 35% used [0x00000000eab00000,0x00000000ed80eec8,0x00000000f2a00000)
  from space 18432K, 0% used [0x00000000f2a00000,0x00000000f2a00000,0x00000000f3c00000)
  to   space 25600K, 0% used [0x00000000fc200000,0x00000000fc200000,0x00000000fdb00000)
 ParOldGen       total 102400K, used 39752K [0x00000000c0000000, 0x00000000c6400000, 0x00000000eab00000)
  object space 102400K, 38% used [0x00000000c0000000,0x00000000c26d23e8,0x00000000c6400000)
 Metaspace       used 25543K, capacity 26571K, committed 26624K, reserved 1073152K
  class space    used 3116K, capacity 3547K, committed 3584K, reserved 1048576K
GC Heap History (10 events):
Event: 1.762 GC heap before
{Heap before GC invocations=4 (full 0):
 PSYoungGen      total 38400K, used 38382K [0x00000000eab00000, 0x00000000ef600000, 0x0000000100000000)
  eden space 33280K, 100% used [0x00000000eab00000,0x00000000ecb80000,0x00000000ecb80000)
  from space 5120K, 99% used [0x00000000ecb80000,0x00000000ed07baf0,0x00000000ed080000)
  to   space 5120K, 0% used [0x00000000ef100000,0x00000000ef100000,0x00000000ef600000)
 ParOldGen       total 87552K, used 11248K [0x00000000c0000000, 0x00000000c5580000, 0x00000000eab00000)
  object space 87552K, 12% used [0x00000000c0000000,0x00000000c0afc2f8,0x00000000c5580000)
 Metaspace       used 15629K, capacity 15896K, committed 16000K, reserved 1062912K
  class space    used 1800K, capacity 1862K, committed 1920K, reserved 1048576K
Event: 1.772 GC heap after
Heap after GC invocations=4 (full 0):
 PSYoungGen      total 71680K, used 5101K [0x00000000eab00000, 0x00000000ef600000, 0x0000000100000000)
  eden space 66560K, 0% used [0x00000000eab00000,0x00000000eab00000,0x00000000eec00000)
  from space 5120K, 99% used [0x00000000ef100000,0x00000000ef5fb490,0x00000000ef600000)
  to   space 5120K, 0% used [0x00000000eec00000,0x00000000eec00000,0x00000000ef100000)
 ParOldGen       total 87552K, used 16828K [0x00000000c0000000, 0x00000000c5580000, 0x00000000eab00000)
  object space 87552K, 19% used [0x00000000c0000000,0x00000000c106f338,0x00000000c5580000)
 Metaspace       used 15629K, capacity 15896K, committed 16000K, reserved 1062912K
  class space    used 1800K, capacity 1862K, committed 1920K, reserved 1048576K
}
Event: 2.215 GC heap before
{Heap before GC invocations=5 (full 0):
 PSYoungGen      total 71680K, used 71661K [0x00000000eab00000, 0x00000000ef600000, 0x0000000100000000)
  eden space 66560K, 100% used [0x00000000eab00000,0x00000000eec00000,0x00000000eec00000)
  from space 5120K, 99% used [0x00000000ef100000,0x00000000ef5fb490,0x00000000ef600000)
  to   space 5120K, 0% used [0x00000000eec00000,0x00000000eec00000,0x00000000ef100000)
 ParOldGen       total 87552K, used 16828K [0x00000000c0000000, 0x00000000c5580000, 0x00000000eab00000)
  object space 87552K, 19% used [0x00000000c0000000,0x00000000c106f338,0x00000000c5580000)
 Metaspace       used 15946K, capacity 16188K, committed 16256K, reserved 1062912K
  class space    used 1803K, capacity 1868K, committed 1920K, reserved 1048576K
Event: 2.227 GC heap after
Heap after GC invocations=5 (full 0):
 PSYoungGen      total 71680K, used 5102K [0x00000000eab00000, 0x00000000f4b00000, 0x0000000100000000)
  eden space 66560K, 0% used [0x00000000eab00000,0x00000000eab00000,0x00000000eec00000)
  from space 5120K, 99% used [0x00000000eec00000,0x00000000ef0fba60,0x00000000ef100000)
  to   space 15360K, 0% used [0x00000000f3c00000,0x00000000f3c00000,0x00000000f4b00000)
 ParOldGen       total 87552K, used 25956K [0x00000000c0000000, 0x00000000c5580000, 0x00000000eab00000)
  object space 87552K, 29% used [0x00000000c0000000,0x00000000c19590d8,0x00000000c5580000)
 Metaspace       used 15946K, capacity 16188K, committed 16256K, reserved 1062912K
  class space    used 1803K, capacity 1868K, committed 1920K, reserved 1048576K
}
Event: 2.600 GC heap before
{Heap before GC invocations=6 (full 0):
 PSYoungGen      total 71680K, used 71662K [0x00000000eab00000, 0x00000000f4b00000, 0x0000000100000000)
  eden space 66560K, 100% used [0x00000000eab00000,0x00000000eec00000,0x00000000eec00000)
  from space 5120K, 99% used [0x00000000eec00000,0x00000000ef0fba60,0x00000000ef100000)
  to   space 15360K, 0% used [0x00000000f3c00000,0x00000000f3c00000,0x00000000f4b00000)
 ParOldGen       total 87552K, used 25956K [0x00000000c0000000, 0x00000000c5580000, 0x00000000eab00000)
  object space 87552K, 29% used [0x00000000c0000000,0x00000000c19590d8,0x00000000c5580000)
 Metaspace       used 16089K, capacity 16388K, committed 16512K, reserved 1064960K
  class space    used 1811K, capacity 1880K, committed 1920K, reserved 1048576K
Event: 2.615 GC heap after
Heap after GC invocations=6 (full 0):
 PSYoungGen      total 145408K, used 15349K [0x00000000eab00000, 0x00000000f5100000, 0x0000000100000000)
  eden space 130048K, 0% used [0x00000000eab00000,0x00000000eab00000,0x00000000f2a00000)
  from space 15360K, 99% used [0x00000000f3c00000,0x00000000f4afd7e0,0x00000000f4b00000)
  to   space 18432K, 0% used [0x00000000f2a00000,0x00000000f2a00000,0x00000000f3c00000)
 ParOldGen       total 87552K, used 28015K [0x00000000c0000000, 0x00000000c5580000, 0x00000000eab00000)
  object space 87552K, 31% used [0x00000000c0000000,0x00000000c1b5beb0,0x00000000c5580000)
 Metaspace       used 16089K, capacity 16388K, committed 16512K, reserved 1064960K
  class space    used 1811K, capacity 1880K, committed 1920K, reserved 1048576K
}
Event: 3.555 GC heap before
{Heap before GC invocations=7 (full 0):
 PSYoungGen      total 145408K, used 106324K [0x00000000eab00000, 0x00000000f5100000, 0x0000000100000000)
  eden space 130048K, 69% used [0x00000000eab00000,0x00000000f03d7b88,0x00000000f2a00000)
  from space 15360K, 99% used [0x00000000f3c00000,0x00000000f4afd7e0,0x00000000f4b00000)
  to   space 18432K, 0% used [0x00000000f2a00000,0x00000000f2a00000,0x00000000f3c00000)
 ParOldGen       total 87552K, used 28015K [0x00000000c0000000, 0x00000000c5580000, 0x00000000eab00000)
  object space 87552K, 31% used [0x00000000c0000000,0x00000000c1b5beb0,0x00000000c5580000)
 Metaspace       used 20640K, capacity 21229K, committed 21296K, reserved 1069056K
  class space    used 2418K, capacity 2688K, committed 2688K, reserved 1048576K
Event: 3.582 GC heap after
Heap after GC invocations=7 (full 0):
 PSYoungGen      total 148480K, used 18428K [0x00000000eab00000, 0x00000000fdb00000, 0x0000000100000000)
  eden space 130048K, 0% used [0x00000000eab00000,0x00000000eab00000,0x00000000f2a00000)
  from space 18432K, 99% used [0x00000000f2a00000,0x00000000f3bff270,0x00000000f3c00000)
  to   space 25600K, 0% used [0x00000000fc200000,0x00000000fc200000,0x00000000fdb00000)
 ParOldGen       total 87552K, used 37100K [0x00000000c0000000, 0x00000000c5580000, 0x00000000eab00000)
  object space 87552K, 42% used [0x00000000c0000000,0x00000000c243b318,0x00000000c5580000)
 Metaspace       used 20640K, capacity 21229K, committed 21296K, reserved 1069056K
  class space    used 2418K, capacity 2688K, committed 2688K, reserved 1048576K
}
Event: 3.582 GC heap before
{Heap before GC invocations=8 (full 1):
 PSYoungGen      total 148480K, used 18428K [0x00000000eab00000, 0x00000000fdb00000, 0x0000000100000000)
  eden space 130048K, 0% used [0x00000000eab00000,0x00000000eab00000,0x00000000f2a00000)
  from space 18432K, 99% used [0x00000000f2a00000,0x00000000f3bff270,0x00000000f3c00000)
  to   space 25600K, 0% used [0x00000000fc200000,0x00000000fc200000,0x00000000fdb00000)
 ParOldGen       total 87552K, used 37100K [0x00000000c0000000, 0x00000000c5580000, 0x00000000eab00000)
  object space 87552K, 42% used [0x00000000c0000000,0x00000000c243b318,0x00000000c5580000)
 Metaspace       used 20640K, capacity 21229K, committed 21296K, reserved 1069056K
  class space    used 2418K, capacity 2688K, committed 2688K, reserved 1048576K
Event: 3.698 GC heap after
Heap after GC invocations=8 (full 1):
 PSYoungGen      total 148480K, used 0K [0x00000000eab00000, 0x00000000fdb00000, 0x0000000100000000)
  eden space 130048K, 0% used [0x00000000eab00000,0x00000000eab00000,0x00000000f2a00000)
  from space 18432K, 0% used [0x00000000f2a00000,0x00000000f2a00000,0x00000000f3c00000)
  to   space 25600K, 0% used [0x00000000fc200000,0x00000000fc200000,0x00000000fdb00000)
 ParOldGen       total 102400K, used 39752K [0x00000000c0000000, 0x00000000c6400000, 0x00000000eab00000)
  object space 102400K, 38% used [0x00000000c0000000,0x00000000c26d23e8,0x00000000c6400000)
 Metaspace       used 20640K, capacity 21229K, committed 21296K, reserved 1069056K
  class space    used 2418K, capacity 2688K, committed 2688K, reserved 1048576K
}

