# JRE version: Java(TM) SE Runtime Environment (8.0_45-b14) (build 1.8.0_45-b14)
# Java VM: Java HotSpot(TM) 64-Bit Server VM (25.45-b02 mixed mode windows-amd64 compressed oops)
Heap:
 PSYoungGen      total 150528K, used 22009K [0x00000000eab00000, 0x00000000f5500000, 0x0000000100000000)
  eden space 130048K, 16% used [0x00000000eab00000,0x00000000ec07e7e0,0x00000000f2a00000)
  from space 20480K, 0% used [0x00000000f2a00000,0x00000000f2a00000,0x00000000f3e00000)
  to   space 17408K, 0% used [0x00000000f3e00000,0x00000000f3e00000,0x00000000f4f00000)
 ParOldGen       total 101888K, used 39752K [0x00000000c0000000, 0x00000000c6380000, 0x00000000eab00000)
  object space 101888K, 39% used [0x00000000c0000000,0x00000000c26d20c8,0x00000000c6380000)
 Metaspace       used 23607K, capacity 24615K, committed 24832K, reserved 1071104K
  class space    used 2877K, capacity 3310K, committed 3328K, reserved 1048576K
GC Heap History (10 events):
Event: 1.754 GC heap before
{Heap before GC invocations=4 (full 0):
 PSYoungGen      total 38400K, used 38397K [0x00000000eab00000, 0x00000000ef600000, 0x0000000100000000)
  eden space 33280K, 100% used [0x00000000eab00000,0x00000000ecb80000,0x00000000ecb80000)
  from space 5120K, 99% used [0x00000000ecb80000,0x00000000ed07f790,0x00000000ed080000)
  to   space 5120K, 0% used [0x00000000ef100000,0x00000000ef100000,0x00000000ef600000)
 ParOldGen       total 87552K, used 11047K [0x00000000c0000000, 0x00000000c5580000, 0x00000000eab00000)
  object space 87552K, 12% used [0x00000000c0000000,0x00000000c0ac9e98,0x00000000c5580000)
 Metaspace       used 15634K, capacity 15872K, committed 16000K, reserved 1062912K
  class space    used 1797K, capacity 1858K, committed 1920K, reserved 1048576K
Event: 1.763 GC heap after
Heap after GC invocations=4 (full 0):
 PSYoungGen      total 71680K, used 5099K [0x00000000eab00000, 0x00000000ef600000, 0x0000000100000000)
  eden space 66560K, 0% used [0x00000000eab00000,0x00000000eab00000,0x00000000eec00000)
  from space 5120K, 99% used [0x00000000ef100000,0x00000000ef5faee0,0x00000000ef600000)
  to   space 5120K, 0% used [0x00000000eec00000,0x00000000eec00000,0x00000000ef100000)
 ParOldGen       total 87552K, used 16896K [0x00000000c0000000, 0x00000000c5580000, 0x00000000eab00000)
  object space 87552K, 19% used [0x00000000c0000000,0x00000000c1080208,0x00000000c5580000)
 Metaspace       used 15634K, capacity 15872K, committed 16000K, reserved 1062912K
  class space    used 1797K, capacity 1858K, committed 1920K, reserved 1048576K
}
Event: 2.145 GC heap before
{Heap before GC invocations=5 (full 0):
 PSYoungGen      total 71680K, used 71659K [0x00000000eab00000, 0x00000000ef600000, 0x0000000100000000)
  eden space 66560K, 100% used [0x00000000eab00000,0x00000000eec00000,0x00000000eec00000)
  from space 5120K, 99% used [0x00000000ef100000,0x00000000ef5faee0,0x00000000ef600000)
  to   space 5120K, 0% used [0x00000000eec00000,0x00000000eec00000,0x00000000ef100000)
 ParOldGen       total 87552K, used 16896K [0x00000000c0000000, 0x00000000c5580000, 0x00000000eab00000)
  object space 87552K, 19% used [0x00000000c0000000,0x00000000c1080208,0x00000000c5580000)
 Metaspace       used 15948K, capacity 16194K, committed 16256K, reserved 1062912K
  class space    used 1804K, capacity 1869K, committed 1920K, reserved 1048576K
Event: 2.161 GC heap after
Heap after GC invocations=5 (full 0):
 PSYoungGen      total 71680K, used 5114K [0x00000000eab00000, 0x00000000f4f00000, 0x0000000100000000)
  eden space 66560K, 0% used [0x00000000eab00000,0x00000000eab00000,0x00000000eec00000)
  from space 5120K, 99% used [0x00000000eec00000,0x00000000ef0fe900,0x00000000ef100000)
  to   space 17408K, 0% used [0x00000000f3e00000,0x00000000f3e00000,0x00000000f4f00000)
 ParOldGen       total 87552K, used 28955K [0x00000000c0000000, 0x00000000c5580000, 0x00000000eab00000)
  object space 87552K, 33% used [0x00000000c0000000,0x00000000c1c46ee8,0x00000000c5580000)
 Metaspace       used 15948K, capacity 16194K, committed 16256K, reserved 1062912K
  class space    used 1804K, capacity 1869K, committed 1920K, reserved 1048576K
}
Event: 2.472 GC heap before
{Heap before GC invocations=6 (full 0):
 PSYoungGen      total 71680K, used 71674K [0x00000000eab00000, 0x00000000f4f00000, 0x0000000100000000)
  eden space 66560K, 100% used [0x00000000eab00000,0x00000000eec00000,0x00000000eec00000)
  from space 5120K, 99% used [0x00000000eec00000,0x00000000ef0fe900,0x00000000ef100000)
  to   space 17408K, 0% used [0x00000000f3e00000,0x00000000f3e00000,0x00000000f4f00000)
 ParOldGen       total 87552K, used 28955K [0x00000000c0000000, 0x00000000c5580000, 0x00000000eab00000)
  object space 87552K, 33% used [0x00000000c0000000,0x00000000c1c46ee8,0x00000000c5580000)
 Metaspace       used 16073K, capacity 16394K, committed 16512K, reserved 1064960K
  class space    used 1811K, capacity 1881K, committed 1920K, reserved 1048576K
Event: 2.490 GC heap after
Heap after GC invocations=6 (full 0):
 PSYoungGen      total 147456K, used 17395K [0x00000000eab00000, 0x00000000f5500000, 0x0000000100000000)
  eden space 130048K, 0% used [0x00000000eab00000,0x00000000eab00000,0x00000000f2a00000)
  from space 17408K, 99% used [0x00000000f3e00000,0x00000000f4efcd10,0x00000000f4f00000)
  to   space 20480K, 0% used [0x00000000f2a00000,0x00000000f2a00000,0x00000000f3e00000)
 ParOldGen       total 87552K, used 30151K [0x00000000c0000000, 0x00000000c5580000, 0x00000000eab00000)
  object space 87552K, 34% used [0x00000000c0000000,0x00000000c1d71cf0,0x00000000c5580000)
 Metaspace       used 16073K, capacity 16394K, committed 16512K, reserved 1064960K
  class space    used 1811K, capacity 1881K, committed 1920K, reserved 1048576K
}
Event: 3.464 GC heap before
{Heap before GC invocations=7 (full 0):
 PSYoungGen      total 147456K, used 108158K [0x00000000eab00000, 0x00000000f5500000, 0x0000000100000000)
  eden space 130048K, 69% used [0x00000000eab00000,0x00000000f03a2c88,0x00000000f2a00000)
  from space 17408K, 99% used [0x00000000f3e00000,0x00000000f4efcd10,0x00000000f4f00000)
  to   space 20480K, 0% used [0x00000000f2a00000,0x00000000f2a00000,0x00000000f3e00000)
 ParOldGen       total 87552K, used 30151K [0x00000000c0000000, 0x00000000c5580000, 0x00000000eab00000)
  object space 87552K, 34% used [0x00000000c0000000,0x00000000c1d71cf0,0x00000000c5580000)
 Metaspace       used 20611K, capacity 21229K, committed 21296K, reserved 1069056K
  class space    used 2419K, capacity 2688K, committed 2688K, reserved 1048576K
Event: 3.492 GC heap after
Heap after GC invocations=7 (full 0):
 PSYoungGen      total 150528K, used 20451K [0x00000000eab00000, 0x00000000f5500000, 0x0000000100000000)
  eden space 130048K, 0% used [0x00000000eab00000,0x00000000eab00000,0x00000000f2a00000)
  from space 20480K, 99% used [0x00000000f2a00000,0x00000000f3df8f30,0x00000000f3e00000)
  to   space 17408K, 0% used [0x00000000f3e00000,0x00000000f3e00000,0x00000000f4f00000)
 ParOldGen       total 87552K, used 36772K [0x00000000c0000000, 0x00000000c5580000, 0x00000000eab00000)
  object space 87552K, 42% used [0x00000000c0000000,0x00000000c23e9040,0x00000000c5580000)
 Metaspace       used 20611K, capacity 21229K, committed 21296K, reserved 1069056K
  class space    used 2419K, capacity 2688K, committed 2688K, reserved 1048576K
}
Event: 3.492 GC heap before
{Heap before GC invocations=8 (full 1):
 PSYoungGen      total 150528K, used 20451K [0x00000000eab00000, 0x00000000f5500000, 0x0000000100000000)
  eden space 130048K, 0% used [0x00000000eab00000,0x00000000eab00000,0x00000000f2a00000)
  from space 20480K, 99% used [0x00000000f2a00000,0x00000000f3df8f30,0x00000000f3e00000)
  to   space 17408K, 0% used [0x00000000f3e00000,0x00000000f3e00000,0x00000000f4f00000)
 ParOldGen       total 87552K, used 36772K [0x00000000c0000000, 0x00000000c5580000, 0x00000000eab00000)
  object space 87552K, 42% used [0x00000000c0000000,0x00000000c23e9040,0x00000000c5580000)
 Metaspace       used 20611K, capacity 21229K, committed 21296K, reserved 1069056K
  class space    used 2419K, capacity 2688K, committed 2688K, reserved 1048576K
Event: 3.607 GC heap after
Heap after GC invocations=8 (full 1):
 PSYoungGen      total 150528K, used 0K [0x00000000eab00000, 0x00000000f5500000, 0x0000000100000000)
  eden space 130048K, 0% used [0x00000000eab00000,0x00000000eab00000,0x00000000f2a00000)
  from space 20480K, 0% used [0x00000000f2a00000,0x00000000f2a00000,0x00000000f3e00000)
  to   space 17408K, 0% used [0x00000000f3e00000,0x00000000f3e00000,0x00000000f4f00000)
 ParOldGen       total 101888K, used 39752K [0x00000000c0000000, 0x00000000c6380000, 0x00000000eab00000)
  object space 101888K, 39% used [0x00000000c0000000,0x00000000c26d20c8,0x00000000c6380000)
 Metaspace       used 20607K, capacity 21223K, committed 21296K, reserved 1069056K
  class space    used 2418K, capacity 2687K, committed 2688K, reserved 1048576K
}

